2018/07/30 19:50:12 INFO  - jmeter.util.JMeterUtils: Setting Locale to zh_CN 
2018/07/30 19:50:12 INFO  - jmeter.JMeter: Loading system properties from: E:\apiTest\target\jmeter\bin\system.properties 
2018/07/30 19:50:12 INFO  - jmeter.JMeter: Copyright (c) 1998-2016 The Apache Software Foundation 
2018/07/30 19:50:12 INFO  - jmeter.JMeter: Version 3.1 r1770033 
2018/07/30 19:50:12 INFO  - jmeter.JMeter: java.version=1.8.0_144 
2018/07/30 19:50:12 INFO  - jmeter.JMeter: java.vm.name=Java HotSpot(TM) Client VM 
2018/07/30 19:50:12 INFO  - jmeter.JMeter: os.name=Windows 7 
2018/07/30 19:50:12 INFO  - jmeter.JMeter: os.arch=x86 
2018/07/30 19:50:12 INFO  - jmeter.JMeter: os.version=6.1 
2018/07/30 19:50:12 INFO  - jmeter.JMeter: file.encoding=GBK 
2018/07/30 19:50:12 INFO  - jmeter.JMeter: Max memory     =518979584 
2018/07/30 19:50:12 INFO  - jmeter.JMeter: Available Processors =8 
2018/07/30 19:50:12 INFO  - jmeter.JMeter: Default Locale=中文 (中国) 
2018/07/30 19:50:12 INFO  - jmeter.JMeter: JMeter  Locale=中文 (中国) 
2018/07/30 19:50:12 INFO  - jmeter.JMeter: JMeterHome=E:\apiTest\target\jmeter 
2018/07/30 19:50:12 INFO  - jmeter.JMeter: user.dir  =E:\apiTest\target\jmeter\bin 
2018/07/30 19:50:12 INFO  - jmeter.JMeter: PWD       =E:\apiTest\target\jmeter\bin 
2018/07/30 19:50:12 INFO  - jmeter.JMeter: IP: 192.168.4.32 Name: MS-20180330SARF FullName: MS-20180330SARF 
2018/07/30 19:50:12 INFO  - jmeter.services.FileServer: Default base='E:\apiTest\target\jmeter\bin' 
2018/07/30 19:50:12 INFO  - jmeter.services.FileServer: Set new base='E:\apiTest\target\jmeter\testFiles\jmx' 
2018/07/30 19:50:12 INFO  - jmeter.save.SaveService: Testplan (JMX) version: 2.2. Testlog (JTL) version: 2.2 
2018/07/30 19:50:12 INFO  - jmeter.save.SaveService: Using SaveService properties file encoding UTF-8 
2018/07/30 19:50:12 INFO  - jmeter.save.SaveService: Using SaveService properties version 3.2 
2018/07/30 19:50:12 WARN  - jmeter.save.SaveService: Bad _version - expected 3.1, found 3.2. 
2018/07/30 19:50:12 INFO  - jmeter.save.SaveService: All converter versions present and correct 
2018/07/30 19:50:12 INFO  - jmeter.save.SaveService: Loading file: E:\apiTest\target\jmeter\testFiles\jmx\取消发车.jmx 
2018/07/30 19:50:13 INFO  - jmeter.protocol.http.sampler.HTTPSamplerBase: Parser for text/html is org.apache.jmeter.protocol.http.parser.LagartoBasedHtmlParser 
2018/07/30 19:50:13 INFO  - jmeter.protocol.http.sampler.HTTPSamplerBase: Parser for application/xhtml+xml is org.apache.jmeter.protocol.http.parser.LagartoBasedHtmlParser 
2018/07/30 19:50:13 INFO  - jmeter.protocol.http.sampler.HTTPSamplerBase: Parser for application/xml is org.apache.jmeter.protocol.http.parser.LagartoBasedHtmlParser 
2018/07/30 19:50:13 INFO  - jmeter.protocol.http.sampler.HTTPSamplerBase: Parser for text/xml is org.apache.jmeter.protocol.http.parser.LagartoBasedHtmlParser 
2018/07/30 19:50:13 INFO  - jmeter.protocol.http.sampler.HTTPSamplerBase: Parser for text/vnd.wap.wml is org.apache.jmeter.protocol.http.parser.RegexpHTMLParser 
2018/07/30 19:50:13 INFO  - jmeter.protocol.http.sampler.HTTPSamplerBase: Parser for text/css is org.apache.jmeter.protocol.http.parser.CssParser 
2018/07/30 19:50:13 INFO  - jmeter.JMeter: Creating summariser <summary> 
2018/07/30 19:50:13 INFO  - jmeter.engine.StandardJMeterEngine: Running the test! 
2018/07/30 19:50:13 INFO  - jmeter.samplers.SampleEvent: List of sample_variables: [] 
2018/07/30 19:50:13 INFO  - jmeter.samplers.SampleEvent: List of sample_variables: [] 
2018/07/30 19:50:13 INFO  - jmeter.engine.util.CompoundVariable: Note: Function class names must contain the string: '.functions.' 
2018/07/30 19:50:13 INFO  - jmeter.engine.util.CompoundVariable: Note: Function class names must not contain the string: '.gui.' 
2018/07/30 19:50:13 INFO  - jmeter.JMeter: 正在运行的测试 (1532951413260) 
2018/07/30 19:50:13 INFO  - jmeter.engine.StandardJMeterEngine: Starting ThreadGroup: 1 : 取消发车（allot.cancel_depart） 
2018/07/30 19:50:13 INFO  - jmeter.engine.StandardJMeterEngine: Starting 1 threads for group 取消发车（allot.cancel_depart）. 
2018/07/30 19:50:13 INFO  - jmeter.engine.StandardJMeterEngine: Thread will continue on error 
2018/07/30 19:50:13 INFO  - jmeter.threads.ThreadGroup: Starting thread group number 1 threads 1 ramp-up 1 perThread 1000.0 delayedStart=false 
2018/07/30 19:50:13 INFO  - jmeter.threads.ThreadGroup: Started thread group number 1 
2018/07/30 19:50:13 INFO  - jmeter.engine.StandardJMeterEngine: All thread groups have been started 
2018/07/30 19:50:13 INFO  - jmeter.threads.JMeterThread: Thread started: 取消发车（allot.cancel_depart） 1-1 
2018/07/30 19:50:13 INFO  - jmeter.services.FileServer: Stored: ..\resources\取消发车-配载.csv 
2018/07/30 19:50:13 INFO  - jmeter.services.FileServer: Stored: ..\resources\配载_开单.csv 
2018/07/30 19:50:13 INFO  - jmeter.protocol.http.sampler.HTTPHCAbstractImpl: Local host = MS-20180330SARF 
2018/07/30 19:50:13 INFO  - jmeter.protocol.http.sampler.HTTPHC4Impl: HTTP request retry count = 0 
2018/07/30 19:50:13 INFO  - jmeter.samplers.SampleResult: Note: Sample TimeStamps are START times 
2018/07/30 19:50:13 INFO  - jmeter.samplers.SampleResult: sampleresult.default.encoding is set to ISO-8859-1 
2018/07/30 19:50:13 INFO  - jmeter.samplers.SampleResult: sampleresult.useNanoTime=true 
2018/07/30 19:50:13 INFO  - jmeter.samplers.SampleResult: sampleresult.nanoThreadSleep=5000 
2018/07/30 19:50:13 INFO  - jmeter.util.BeanShellTestElement: --------获取token-------- 
2018/07/30 19:50:13 INFO  - jmeter.util.BeanShellTestElement: ~~~~~~~~~~~~获取newToken成功，newToken值为：bvjpibqtfatlhuclcvpzdwjicqnevaibvbueazprpcsukrfrshklnwlclmltukir~~~~~~~~~~~~~~~~~ 
2018/07/30 19:50:13 INFO  - jmeter.util.BeanShellTestElement: --------获取orderNum-------- 
2018/07/30 19:50:13 INFO  - jmeter.util.BeanShellTestElement: ~~~~~~~~~~~~获取orderNum成功，orderNum值为：3518073000289~~~~~~~~~~~~~~~~~ 
2018/07/30 19:50:15 INFO  - jmeter.util.BeanShellTestElement: --------查询批次号-------- 
2018/07/30 19:50:15 INFO  - jmeter.util.BeanShellTestElement: ~~~~~~~~~~~~配载成功，批次号=PC18073019500002~~对应运单号：3518073000289~~~~~~~~~~~~~~~~~ 
2018/07/30 19:50:15 INFO  - jmeter.util.BeanShellTestElement: --------查询批次号-------- 
2018/07/30 19:50:15 INFO  - jmeter.util.BeanShellTestElement: ~~~~~~~~~~~~发车成功，且批次状态校验正确~~~~~~~~~~~~~~~~~ 
2018/07/30 19:50:15 INFO  - jmeter.util.BeanShellTestElement: ~~~~~~~~~~~~pcStatus：3~~~~~~~~~~~~~~~~~ 
2018/07/30 19:50:15 INFO  - jmeter.util.BeanShellTestElement: --------获取token-------- 
2018/07/30 19:50:15 INFO  - jmeter.util.BeanShellTestElement: ~~~~~~~~~~~~获取newToken成功，newToken值为：oripkagwbpcckwtbxympgfdlzfsxfpydwxqibtllvwgglxsrlcbaonnokrfdykih~~~~~~~~~~~~~~~~~ 
2018/07/30 19:50:15 INFO  - jmeter.util.BeanShellTestElement: --------查询批次号-------- 
2018/07/30 19:50:15 INFO  - jmeter.util.BeanShellTestElement: ~~~~~~~~~~~~取消发车成功，且批次状态校验正确~~~~~~~~~~~~~~~~~ 
2018/07/30 19:50:15 INFO  - jmeter.util.BeanShellTestElement: ~~~~~~~~~~~~pcStatus：2~~~~~~~~~~~~~~~~~ 
2018/07/30 19:50:15 INFO  - jmeter.util.BeanShellTestElement: --------获取token-------- 
2018/07/30 19:50:15 INFO  - jmeter.util.BeanShellTestElement: ~~~~~~~~~~~~获取newToken成功，newToken值为：charqgoqrmjdkdbfqrrffqdckkuzymndbmfdquuzwhgiqavqxrgssxjtwxilftuv~~~~~~~~~~~~~~~~~ 
2018/07/30 19:50:15 INFO  - jmeter.util.BeanShellTestElement: --------获取orderNum-------- 
2018/07/30 19:50:15 INFO  - jmeter.util.BeanShellTestElement: ~~~~~~~~~~~~获取orderNum成功，orderNum值为：3518073000290~~~~~~~~~~~~~~~~~ 
2018/07/30 19:50:15 INFO  - jmeter.util.BeanShellTestElement: --------查询批次号-------- 
2018/07/30 19:50:15 INFO  - jmeter.util.BeanShellTestElement: ~~~~~~~~~~~~配载成功，批次号=PC18073019500003~~对应运单号：3518073000290~~~~~~~~~~~~~~~~~ 
2018/07/30 19:50:16 INFO  - jmeter.util.BeanShellTestElement: --------查询批次号-------- 
2018/07/30 19:50:16 INFO  - jmeter.util.BeanShellTestElement: ~~~~~~~~~~~~发车成功，且批次状态校验正确~~~~~~~~~~~~~~~~~ 
2018/07/30 19:50:16 INFO  - jmeter.util.BeanShellTestElement: ~~~~~~~~~~~~pcStatus：3~~~~~~~~~~~~~~~~~ 
2018/07/30 19:50:20 INFO  - jmeter.util.BeanShellTestElement: --------获取token-------- 
2018/07/30 19:50:20 INFO  - jmeter.util.BeanShellTestElement: ~~~~~~~~~~~~获取newToken成功，newToken值为：gwygheuvcbimlyeofcposxixjgntfhbexiqdnxumhvumfjvglsntpfqglbbdpssj~~~~~~~~~~~~~~~~~ 
2018/07/30 19:50:28 INFO  - jmeter.util.BeanShellTestElement: --------查询批次号-------- 
2018/07/30 19:50:28 INFO  - jmeter.util.BeanShellTestElement: ~~~~~~~~~~~~到车成功，且批次状态校验正确~~~~~~~~~~~~~~~~~ 
2018/07/30 19:50:28 INFO  - jmeter.util.BeanShellTestElement: ~~~~~~~~~~~~pcStatus：4~~~~~~~~~~~~~~~~~ 
2018/07/30 19:50:28 INFO  - jmeter.util.BeanShellTestElement: --------获取token-------- 
2018/07/30 19:50:28 INFO  - jmeter.util.BeanShellTestElement: ~~~~~~~~~~~~获取newToken成功，newToken值为：fuinczotaqsljppimhgpisejesmtvfistpasrurqchqjwkjibxlvoedihfqmrzil~~~~~~~~~~~~~~~~~ 
2018/07/30 19:50:28 INFO  - jmeter.util.BeanShellTestElement: --------查询批次号-------- 
2018/07/30 19:50:28 INFO  - jmeter.util.BeanShellTestElement: ~~~~~~~~~~~~取消发车失败，失败原因：批次已经确认到车，不能再操作取消发车！~~~~~~~~~~~~~~~~~ 
2018/07/30 19:50:28 INFO  - jmeter.threads.JMeterThread: Stop Thread seen for thread 取消发车（allot.cancel_depart） 1-1, reason:org.apache.jorphan.util.JMeterStopThreadException: End of file:..\resources\取消发车-配载.csv detected for CSV DataSet:配载数据 configured with stopThread:true, recycle:false 
2018/07/30 19:50:28 INFO  - jmeter.threads.JMeterThread: Thread finished: 取消发车（allot.cancel_depart） 1-1 
2018/07/30 19:50:28 INFO  - jmeter.engine.StandardJMeterEngine: Notifying test listeners of end of test 
2018/07/30 19:50:28 INFO  - jmeter.services.FileServer: Close: ..\resources\配载_开单.csv 
2018/07/30 19:50:28 INFO  - jmeter.services.FileServer: Close: ..\resources\取消发车-配载.csv 
2018/07/30 19:50:28 INFO  - jmeter.reporters.Summariser: summary =     23 in 00:00:15 =    1.5/s Avg:   120 Min:    17 Max:  1021 Err:     0 (0.00%) 
