2018/06/26 14:54:38 INFO  - jmeter.util.JMeterUtils: Setting Locale to zh_CN 
2018/06/26 14:54:38 INFO  - jmeter.JMeter: Loading system properties from: H:\works\api_test\target\jmeter\bin\system.properties 
2018/06/26 14:54:38 INFO  - jmeter.JMeter: Copyright (c) 1998-2016 The Apache Software Foundation 
2018/06/26 14:54:38 INFO  - jmeter.JMeter: Version 3.1 r1770033 
2018/06/26 14:54:38 INFO  - jmeter.JMeter: java.version=1.8.0_121 
2018/06/26 14:54:38 INFO  - jmeter.JMeter: java.vm.name=Java HotSpot(TM) 64-Bit Server VM 
2018/06/26 14:54:38 INFO  - jmeter.JMeter: os.name=Windows 7 
2018/06/26 14:54:38 INFO  - jmeter.JMeter: os.arch=amd64 
2018/06/26 14:54:38 INFO  - jmeter.JMeter: os.version=6.1 
2018/06/26 14:54:38 INFO  - jmeter.JMeter: file.encoding=GBK 
2018/06/26 14:54:38 INFO  - jmeter.JMeter: Max memory     =514850816 
2018/06/26 14:54:38 INFO  - jmeter.JMeter: Available Processors =4 
2018/06/26 14:54:38 INFO  - jmeter.JMeter: Default Locale=中文 (中国) 
2018/06/26 14:54:38 INFO  - jmeter.JMeter: JMeter  Locale=中文 (中国) 
2018/06/26 14:54:38 INFO  - jmeter.JMeter: JMeterHome=H:\works\api_test\target\jmeter 
2018/06/26 14:54:38 INFO  - jmeter.JMeter: user.dir  =H:\works\api_test\target\jmeter\bin 
2018/06/26 14:54:38 INFO  - jmeter.JMeter: PWD       =H:\works\api_test\target\jmeter\bin 
2018/06/26 14:54:38 INFO  - jmeter.JMeter: IP: 192.168.101.150 Name: admin-PC FullName: admin-PC 
2018/06/26 14:54:38 INFO  - jmeter.services.FileServer: Default base='H:\works\api_test\target\jmeter\bin' 
2018/06/26 14:54:38 INFO  - jmeter.services.FileServer: Set new base='H:\works\api_test\target\jmeter\testFiles\jmx' 
2018/06/26 14:54:38 INFO  - jmeter.save.SaveService: Testplan (JMX) version: 2.2. Testlog (JTL) version: 2.2 
2018/06/26 14:54:38 INFO  - jmeter.save.SaveService: Using SaveService properties file encoding UTF-8 
2018/06/26 14:54:38 INFO  - jmeter.save.SaveService: Using SaveService properties version 3.2 
2018/06/26 14:54:38 WARN  - jmeter.save.SaveService: Bad _version - expected 3.1, found 3.2. 
2018/06/26 14:54:38 INFO  - jmeter.save.SaveService: All converter versions present and correct 
2018/06/26 14:54:38 INFO  - jmeter.save.SaveService: Loading file: H:\works\api_test\target\jmeter\testFiles\jmx\开单Api.jmx 
2018/06/26 14:54:38 INFO  - jmeter.protocol.http.sampler.HTTPSamplerBase: Parser for text/html is org.apache.jmeter.protocol.http.parser.LagartoBasedHtmlParser 
2018/06/26 14:54:38 INFO  - jmeter.protocol.http.sampler.HTTPSamplerBase: Parser for application/xhtml+xml is org.apache.jmeter.protocol.http.parser.LagartoBasedHtmlParser 
2018/06/26 14:54:38 INFO  - jmeter.protocol.http.sampler.HTTPSamplerBase: Parser for application/xml is org.apache.jmeter.protocol.http.parser.LagartoBasedHtmlParser 
2018/06/26 14:54:38 INFO  - jmeter.protocol.http.sampler.HTTPSamplerBase: Parser for text/xml is org.apache.jmeter.protocol.http.parser.LagartoBasedHtmlParser 
2018/06/26 14:54:38 INFO  - jmeter.protocol.http.sampler.HTTPSamplerBase: Parser for text/vnd.wap.wml is org.apache.jmeter.protocol.http.parser.RegexpHTMLParser 
2018/06/26 14:54:38 INFO  - jmeter.protocol.http.sampler.HTTPSamplerBase: Parser for text/css is org.apache.jmeter.protocol.http.parser.CssParser 
2018/06/26 14:54:38 INFO  - jmeter.JMeter: Creating summariser <summary> 
2018/06/26 14:54:38 INFO  - jmeter.engine.StandardJMeterEngine: Running the test! 
2018/06/26 14:54:38 INFO  - jmeter.samplers.SampleEvent: List of sample_variables: [] 
2018/06/26 14:54:38 INFO  - jmeter.samplers.SampleEvent: List of sample_variables: [] 
2018/06/26 14:54:38 INFO  - jmeter.engine.util.CompoundVariable: Note: Function class names must contain the string: '.functions.' 
2018/06/26 14:54:38 INFO  - jmeter.engine.util.CompoundVariable: Note: Function class names must not contain the string: '.gui.' 
2018/06/26 14:54:38 INFO  - jmeter.testelement.TestPlan: add G:\Program Files\maven3_repo\mysql\mysql-connector-java\5.1.32\mysql-connector-java-5.1.32.jar to classpath 
2018/06/26 14:54:38 INFO  - jmeter.testelement.TestPlan: add G:\Program Files\apache-jmeter-3.3\lib\geronimo-jms_1.1_spec-1.1.1.jar to classpath 
2018/06/26 14:54:38 INFO  - jmeter.testelement.TestPlan: add G:\Program Files\apache-jmeter-3.3\lib\fastjson-1.2.44.jar to classpath 
2018/06/26 14:54:38 INFO  - jmeter.reporters.ResultCollector: Folder H:\works\api_test\target\jmeter\results\jmx was created 
2018/06/26 14:54:38 INFO  - jmeter.JMeter: 正在运行的测试 (1529996078786) 
2018/06/26 14:54:38 INFO  - jmeter.engine.StandardJMeterEngine: Starting ThreadGroup: 1 : 获取token 
2018/06/26 14:54:38 INFO  - jmeter.engine.StandardJMeterEngine: Starting 1 threads for group 获取token. 
2018/06/26 14:54:38 INFO  - jmeter.engine.StandardJMeterEngine: Thread will continue on error 
2018/06/26 14:54:38 INFO  - jmeter.threads.ThreadGroup: Starting thread group number 1 threads 1 ramp-up 1 perThread 1000.0 delayedStart=false 
2018/06/26 14:54:38 INFO  - jmeter.threads.ThreadGroup: Started thread group number 1 
2018/06/26 14:54:38 INFO  - jmeter.engine.StandardJMeterEngine: Waiting for thread group: 获取token to finish before starting next group 
2018/06/26 14:54:38 INFO  - jmeter.threads.JMeterThread: Thread started: 获取token 1-1 
2018/06/26 14:54:38 INFO  - jmeter.protocol.http.sampler.HTTPHCAbstractImpl: Local host = admin-PC 
2018/06/26 14:54:38 INFO  - jmeter.protocol.http.sampler.HTTPHC4Impl: HTTP request retry count = 0 
2018/06/26 14:54:38 INFO  - jmeter.samplers.SampleResult: Note: Sample TimeStamps are START times 
2018/06/26 14:54:38 INFO  - jmeter.samplers.SampleResult: sampleresult.default.encoding is set to ISO-8859-1 
2018/06/26 14:54:38 INFO  - jmeter.samplers.SampleResult: sampleresult.useNanoTime=true 
2018/06/26 14:54:38 INFO  - jmeter.samplers.SampleResult: sampleresult.nanoThreadSleep=5000 
2018/06/26 14:54:39 INFO  - jmeter.util.BeanShellTestElement: ~~~~~~~~~~~~获取token~~~~~~~~~~：igdolzrzcisbuvmvupwuglrjwvurzfgjymbphhepitxutctdxttozjenoxdmdjpf 
2018/06/26 14:54:39 INFO  - jmeter.threads.JMeterThread: Thread is done: 获取token 1-1 
2018/06/26 14:54:39 INFO  - jmeter.threads.JMeterThread: Thread finished: 获取token 1-1 
2018/06/26 14:54:39 INFO  - jmeter.engine.StandardJMeterEngine: Starting ThreadGroup: 2 : 开单api 
2018/06/26 14:54:39 INFO  - jmeter.engine.StandardJMeterEngine: Starting 1 threads for group 开单api. 
2018/06/26 14:54:39 INFO  - jmeter.engine.StandardJMeterEngine: Thread will continue on error 
2018/06/26 14:54:39 INFO  - jmeter.threads.ThreadGroup: Starting thread group number 2 threads 1 ramp-up 1 perThread 1000.0 delayedStart=false 
2018/06/26 14:54:39 INFO  - jmeter.threads.ThreadGroup: Started thread group number 2 
2018/06/26 14:54:39 INFO  - jmeter.engine.StandardJMeterEngine: Waiting for thread group: 开单api to finish before starting next group 
2018/06/26 14:54:39 INFO  - jmeter.threads.JMeterThread: Thread started: 开单api 2-1 
2018/06/26 14:54:39 INFO  - jmeter.util.BeanShellTestElement: ~~~~~~~~~~~~获取token~~~~~~~~~~：ektyourbvmdkcysmnlakomwspdmfjzjibkyqugsdgvyybuwnelfycvokwarmumrc 
2018/06/26 14:54:39 INFO  - jmeter.services.FileServer: Stored: ..\resources\开单数据_成功.csv 
2018/06/26 14:54:40 INFO  - jmeter.util.BeanShellTestElement: ~~~获取运单id：~~~~~3518062600089 
2018/06/26 14:54:41 INFO  - jmeter.util.BeanShellTestElement: 查询条数：1 
2018/06/26 14:54:42 INFO  - jmeter.util.BeanShellTestElement: ~~~获取运单id：~~~~~3518062600090 
2018/06/26 14:54:43 INFO  - jmeter.util.BeanShellTestElement: 查询条数：1 
2018/06/26 14:54:43 INFO  - jmeter.util.BeanShellTestElement: ~~~获取运单id：~~~~~3518062600091 
2018/06/26 14:54:44 INFO  - jmeter.util.BeanShellTestElement: 查询条数：1 
2018/06/26 14:54:45 INFO  - jmeter.util.BeanShellTestElement: ~~~获取运单id：~~~~~3518062600092 
2018/06/26 14:54:45 INFO  - jmeter.util.BeanShellTestElement: 查询条数：1 
2018/06/26 14:54:46 INFO  - jmeter.util.BeanShellTestElement: ~~~获取运单id：~~~~~3518062600093 
2018/06/26 14:54:46 INFO  - jmeter.util.BeanShellTestElement: 查询条数：1 
2018/06/26 14:54:47 INFO  - jmeter.util.BeanShellTestElement: ~~~获取运单id：~~~~~3518062600094 
2018/06/26 14:54:48 INFO  - jmeter.util.BeanShellTestElement: 查询条数：1 
2018/06/26 14:54:48 INFO  - jmeter.util.BeanShellTestElement: ~~~获取运单id：~~~~~3518062600095 
2018/06/26 14:54:49 INFO  - jmeter.util.BeanShellTestElement: 查询条数：1 
2018/06/26 14:54:49 INFO  - jmeter.util.BeanShellTestElement: ~~~获取运单id：~~~~~3518062600096 
2018/06/26 14:54:50 INFO  - jmeter.util.BeanShellTestElement: 查询条数：1 
2018/06/26 14:54:51 INFO  - jmeter.util.BeanShellTestElement: ~~~获取运单id：~~~~~3518062600097 
2018/06/26 14:54:52 INFO  - jmeter.util.BeanShellTestElement: 查询条数：1 
2018/06/26 14:54:52 INFO  - jmeter.util.BeanShellTestElement: ~~~获取运单id：~~~~~3518062600098 
2018/06/26 14:54:53 INFO  - jmeter.util.BeanShellTestElement: 查询条数：1 
2018/06/26 14:54:53 INFO  - jmeter.services.FileServer: Stored: ..\resources\开单数据_失败.csv 
2018/06/26 14:54:53 INFO  - jmeter.threads.JMeterThread: Thread is done: 开单api 2-1 
2018/06/26 14:54:53 INFO  - jmeter.threads.JMeterThread: Thread finished: 开单api 2-1 
2018/06/26 14:54:53 INFO  - jmeter.engine.StandardJMeterEngine: Starting ThreadGroup: 3 : 不同账户类型开单 
2018/06/26 14:54:53 INFO  - jmeter.engine.StandardJMeterEngine: Starting 1 threads for group 不同账户类型开单. 
2018/06/26 14:54:53 INFO  - jmeter.engine.StandardJMeterEngine: Thread will continue on error 
2018/06/26 14:54:53 INFO  - jmeter.threads.ThreadGroup: Starting thread group number 3 threads 1 ramp-up 1 perThread 1000.0 delayedStart=false 
2018/06/26 14:54:53 INFO  - jmeter.threads.ThreadGroup: Started thread group number 3 
2018/06/26 14:54:53 INFO  - jmeter.engine.StandardJMeterEngine: All thread groups have been started 
2018/06/26 14:54:53 INFO  - jmeter.threads.JMeterThread: Thread started: 不同账户类型开单 3-1 
2018/06/26 14:54:53 INFO  - jmeter.services.FileServer: Stored: ..\resources\开单数据_不同账户类型开单.csv 
2018/06/26 14:54:53 INFO  - jmeter.util.BeanShellTestElement: ~~~~~~~~~~~~获取token~~~~~~~~~~：nxafiewbcpytuzabtwexwtotnzxyxiidndfyydoaohyrsldlymmwmrjsrobjtnkl 
2018/06/26 14:54:54 INFO  - jmeter.util.BeanShellTestElement: ~~~获取运单id：~~~~~3518062600101 
2018/06/26 14:54:55 INFO  - jmeter.util.BeanShellTestElement: 查询条数：1 
2018/06/26 14:54:55 INFO  - jmeter.util.BeanShellTestElement: ~~~~~~~~获取资金消费记录中的运单号~~~~~~~~~3518062600101 
2018/06/26 14:54:55 INFO  - jmeter.util.BeanShellTestElement: ~~~~~~~~~~~~获取token~~~~~~~~~~：hnmfqcuwhcfdqetpzxoqcupodnilojcyuytejztuafxjizskhpxonipryabfeirg 
2018/06/26 14:54:56 INFO  - jmeter.util.BeanShellTestElement: ~~~获取运单id：~~~~~3518062600102 
2018/06/26 14:54:56 INFO  - jmeter.util.BeanShellTestElement: 查询条数：1 
2018/06/26 14:54:57 INFO  - jmeter.util.BeanShellTestElement: ~~~~~~~~获取资金消费记录中的运单号~~~~~~~~~3518062600102 
2018/06/26 14:54:57 INFO  - jmeter.util.BeanShellTestElement: ~~~~~~~~~~~~获取token~~~~~~~~~~：yvregqgscbqzlppzkysfsvwwsthqdfqegrjehqgebvevywuoshuuimrthaegotfn 
2018/06/26 14:54:57 INFO  - jmeter.util.BeanShellTestElement: ~~~获取运单id：~~~~~3518062600103 
2018/06/26 14:54:58 INFO  - jmeter.util.BeanShellTestElement: 查询条数：1 
2018/06/26 14:54:58 INFO  - jmeter.util.BeanShellTestElement: ~~~~~~~~获取资金消费记录中的运单号~~~~~~~~~3518062600103 
2018/06/26 14:54:58 INFO  - jmeter.util.BeanShellTestElement: ~~~~~~~~~~~~获取token~~~~~~~~~~：moyidwrzwdsnteakegybxuvvtvfzzgherrfmazjptgdoxgdgsxrdscfgtrqqcbsu 
2018/06/26 14:54:59 INFO  - jmeter.util.BeanShellTestElement: ~~~获取运单id：~~~~~3518062600104 
2018/06/26 14:55:00 INFO  - jmeter.util.BeanShellTestElement: 查询条数：1 
2018/06/26 14:55:00 INFO  - jmeter.reporters.Summariser: summary +     30 in 00:00:21 =    1.4/s Avg:   231 Min:     0 Max:   541 Err:     0 (0.00%) Active: 1 Started: 3 Finished: 2 
2018/06/26 14:55:00 INFO  - jmeter.util.BeanShellTestElement: ~~~~~~~~获取资金消费记录中的运单号~~~~~~~~~3518062600103 
2018/06/26 14:55:00 INFO  - jmeter.util.BeanShellTestElement: ~~~~~~~~~~~~获取token~~~~~~~~~~：rtrlqmnzabtnlynknfuxdvxjvyhtortlstxyfmzwantnpaaahfjtaodgdwnigjng 
2018/06/26 14:55:00 INFO  - jmeter.util.BeanShellTestElement: ~~~获取运单id：~~~~~3518062600105 
2018/06/26 14:55:01 INFO  - jmeter.util.BeanShellTestElement: 查询条数：1 
2018/06/26 14:55:01 INFO  - jmeter.util.BeanShellTestElement: ~~~~~~~~获取资金消费记录中的运单号~~~~~~~~~null 
2018/06/26 14:55:01 INFO  - jmeter.util.BeanShellTestElement: ~~~~~~~~~~~~获取token~~~~~~~~~~：ebzslfpepljitvxbtuorxyyglmqtcsiyosakgxhsmadaxwgobvogjdmailkhcvpf 
2018/06/26 14:55:01 INFO  - jmeter.util.BeanShellTestElement: ~~~获取运单id：~~~~~3518062600106 
2018/06/26 14:55:02 INFO  - jmeter.util.BeanShellTestElement: 查询条数：1 
2018/06/26 14:55:02 INFO  - jmeter.util.BeanShellTestElement: ~~~~~~~~获取资金消费记录中的运单号~~~~~~~~~null 
2018/06/26 14:55:02 INFO  - jmeter.threads.JMeterThread: Thread is done: 不同账户类型开单 3-1 
2018/06/26 14:55:02 INFO  - jmeter.threads.JMeterThread: Thread finished: 不同账户类型开单 3-1 
2018/06/26 14:55:02 INFO  - jmeter.engine.StandardJMeterEngine: Notifying test listeners of end of test 
2018/06/26 14:55:02 INFO  - jmeter.services.FileServer: Close: ..\resources\开单数据_失败.csv 
2018/06/26 14:55:02 INFO  - jmeter.services.FileServer: Close: ..\resources\开单数据_不同账户类型开单.csv 
2018/06/26 14:55:02 INFO  - jmeter.services.FileServer: Close: ..\resources\开单数据_成功.csv 
2018/06/26 14:55:02 INFO  - jmeter.reporters.Summariser: summary +      7 in 00:00:03 =    2.4/s Avg:   155 Min:    52 Max:   363 Err:     0 (0.00%) Active: 0 Started: 3 Finished: 3 
2018/06/26 14:55:02 INFO  - jmeter.reporters.Summariser: summary =     37 in 00:00:24 =    1.5/s Avg:   217 Min:     0 Max:   541 Err:     0 (0.00%) 
