2018/07/31 13:50:13 INFO  - jmeter.util.JMeterUtils: Setting Locale to zh_CN 
2018/07/31 13:50:13 INFO  - jmeter.JMeter: Loading system properties from: E:\apiTest\target\jmeter\bin\system.properties 
2018/07/31 13:50:13 INFO  - jmeter.JMeter: Copyright (c) 1998-2016 The Apache Software Foundation 
2018/07/31 13:50:13 INFO  - jmeter.JMeter: Version 3.1 r1770033 
2018/07/31 13:50:13 INFO  - jmeter.JMeter: java.version=1.8.0_144 
2018/07/31 13:50:13 INFO  - jmeter.JMeter: java.vm.name=Java HotSpot(TM) Client VM 
2018/07/31 13:50:13 INFO  - jmeter.JMeter: os.name=Windows 7 
2018/07/31 13:50:13 INFO  - jmeter.JMeter: os.arch=x86 
2018/07/31 13:50:13 INFO  - jmeter.JMeter: os.version=6.1 
2018/07/31 13:50:13 INFO  - jmeter.JMeter: file.encoding=GBK 
2018/07/31 13:50:13 INFO  - jmeter.JMeter: Max memory     =518979584 
2018/07/31 13:50:13 INFO  - jmeter.JMeter: Available Processors =8 
2018/07/31 13:50:13 INFO  - jmeter.JMeter: Default Locale=中文 (中国) 
2018/07/31 13:50:13 INFO  - jmeter.JMeter: JMeter  Locale=中文 (中国) 
2018/07/31 13:50:13 INFO  - jmeter.JMeter: JMeterHome=E:\apiTest\target\jmeter 
2018/07/31 13:50:13 INFO  - jmeter.JMeter: user.dir  =E:\apiTest\target\jmeter\bin 
2018/07/31 13:50:13 INFO  - jmeter.JMeter: PWD       =E:\apiTest\target\jmeter\bin 
2018/07/31 13:50:13 INFO  - jmeter.JMeter: IP: 192.168.4.32 Name: MS-20180330SARF FullName: MS-20180330SARF 
2018/07/31 13:50:13 INFO  - jmeter.services.FileServer: Default base='E:\apiTest\target\jmeter\bin' 
2018/07/31 13:50:13 INFO  - jmeter.services.FileServer: Set new base='E:\apiTest\target\jmeter\testFiles\jmx' 
2018/07/31 13:50:13 INFO  - jmeter.save.SaveService: Testplan (JMX) version: 2.2. Testlog (JTL) version: 2.2 
2018/07/31 13:50:13 INFO  - jmeter.save.SaveService: Using SaveService properties file encoding UTF-8 
2018/07/31 13:50:14 INFO  - jmeter.save.SaveService: Using SaveService properties version 3.2 
2018/07/31 13:50:14 WARN  - jmeter.save.SaveService: Bad _version - expected 3.1, found 3.2. 
2018/07/31 13:50:14 INFO  - jmeter.save.SaveService: All converter versions present and correct 
2018/07/31 13:50:14 INFO  - jmeter.save.SaveService: Loading file: E:\apiTest\target\jmeter\testFiles\jmx\换单货款发放成功.jmx 
2018/07/31 13:50:14 INFO  - jmeter.protocol.http.control.CookieManager: Settings: Delete null: true Check: true Allow variable: true Save: false Prefix: COOKIE_ 
2018/07/31 13:50:14 INFO  - jmeter.protocol.http.sampler.HTTPSamplerBase: Parser for text/html is org.apache.jmeter.protocol.http.parser.LagartoBasedHtmlParser 
2018/07/31 13:50:14 INFO  - jmeter.protocol.http.sampler.HTTPSamplerBase: Parser for application/xhtml+xml is org.apache.jmeter.protocol.http.parser.LagartoBasedHtmlParser 
2018/07/31 13:50:14 INFO  - jmeter.protocol.http.sampler.HTTPSamplerBase: Parser for application/xml is org.apache.jmeter.protocol.http.parser.LagartoBasedHtmlParser 
2018/07/31 13:50:14 INFO  - jmeter.protocol.http.sampler.HTTPSamplerBase: Parser for text/xml is org.apache.jmeter.protocol.http.parser.LagartoBasedHtmlParser 
2018/07/31 13:50:14 INFO  - jmeter.protocol.http.sampler.HTTPSamplerBase: Parser for text/vnd.wap.wml is org.apache.jmeter.protocol.http.parser.RegexpHTMLParser 
2018/07/31 13:50:14 INFO  - jmeter.protocol.http.sampler.HTTPSamplerBase: Parser for text/css is org.apache.jmeter.protocol.http.parser.CssParser 
