2018/07/30 19:51:02 INFO  - jmeter.util.JMeterUtils: Setting Locale to zh_CN 
2018/07/30 19:51:02 INFO  - jmeter.JMeter: Loading system properties from: E:\apiTest\target\jmeter\bin\system.properties 
2018/07/30 19:51:02 INFO  - jmeter.JMeter: Copyright (c) 1998-2016 The Apache Software Foundation 
2018/07/30 19:51:02 INFO  - jmeter.JMeter: Version 3.1 r1770033 
2018/07/30 19:51:02 INFO  - jmeter.JMeter: java.version=1.8.0_144 
2018/07/30 19:51:02 INFO  - jmeter.JMeter: java.vm.name=Java HotSpot(TM) Client VM 
2018/07/30 19:51:02 INFO  - jmeter.JMeter: os.name=Windows 7 
2018/07/30 19:51:02 INFO  - jmeter.JMeter: os.arch=x86 
2018/07/30 19:51:02 INFO  - jmeter.JMeter: os.version=6.1 
2018/07/30 19:51:02 INFO  - jmeter.JMeter: file.encoding=GBK 
2018/07/30 19:51:02 INFO  - jmeter.JMeter: Max memory     =518979584 
2018/07/30 19:51:02 INFO  - jmeter.JMeter: Available Processors =8 
2018/07/30 19:51:02 INFO  - jmeter.JMeter: Default Locale=中文 (中国) 
2018/07/30 19:51:02 INFO  - jmeter.JMeter: JMeter  Locale=中文 (中国) 
2018/07/30 19:51:02 INFO  - jmeter.JMeter: JMeterHome=E:\apiTest\target\jmeter 
2018/07/30 19:51:02 INFO  - jmeter.JMeter: user.dir  =E:\apiTest\target\jmeter\bin 
2018/07/30 19:51:02 INFO  - jmeter.JMeter: PWD       =E:\apiTest\target\jmeter\bin 
2018/07/30 19:51:02 INFO  - jmeter.JMeter: IP: 192.168.4.32 Name: MS-20180330SARF FullName: MS-20180330SARF 
2018/07/30 19:51:02 INFO  - jmeter.services.FileServer: Default base='E:\apiTest\target\jmeter\bin' 
2018/07/30 19:51:02 INFO  - jmeter.services.FileServer: Set new base='E:\apiTest\target\jmeter\testFiles\jmx' 
2018/07/30 19:51:02 INFO  - jmeter.save.SaveService: Testplan (JMX) version: 2.2. Testlog (JTL) version: 2.2 
2018/07/30 19:51:02 INFO  - jmeter.save.SaveService: Using SaveService properties file encoding UTF-8 
2018/07/30 19:51:02 INFO  - jmeter.save.SaveService: Using SaveService properties version 3.2 
2018/07/30 19:51:02 WARN  - jmeter.save.SaveService: Bad _version - expected 3.1, found 3.2. 
2018/07/30 19:51:02 INFO  - jmeter.save.SaveService: All converter versions present and correct 
2018/07/30 19:51:02 INFO  - jmeter.save.SaveService: Loading file: E:\apiTest\target\jmeter\testFiles\jmx\普通货款缴款失败（余额不足）、缴款成功.jmx 
2018/07/30 19:51:02 INFO  - jmeter.protocol.http.control.CookieManager: Settings: Delete null: true Check: true Allow variable: true Save: false Prefix: COOKIE_ 
2018/07/30 19:51:02 INFO  - jmeter.protocol.http.sampler.HTTPSamplerBase: Parser for text/html is org.apache.jmeter.protocol.http.parser.LagartoBasedHtmlParser 
2018/07/30 19:51:02 INFO  - jmeter.protocol.http.sampler.HTTPSamplerBase: Parser for application/xhtml+xml is org.apache.jmeter.protocol.http.parser.LagartoBasedHtmlParser 
2018/07/30 19:51:02 INFO  - jmeter.protocol.http.sampler.HTTPSamplerBase: Parser for application/xml is org.apache.jmeter.protocol.http.parser.LagartoBasedHtmlParser 
2018/07/30 19:51:02 INFO  - jmeter.protocol.http.sampler.HTTPSamplerBase: Parser for text/xml is org.apache.jmeter.protocol.http.parser.LagartoBasedHtmlParser 
2018/07/30 19:51:02 INFO  - jmeter.protocol.http.sampler.HTTPSamplerBase: Parser for text/vnd.wap.wml is org.apache.jmeter.protocol.http.parser.RegexpHTMLParser 
2018/07/30 19:51:02 INFO  - jmeter.protocol.http.sampler.HTTPSamplerBase: Parser for text/css is org.apache.jmeter.protocol.http.parser.CssParser 
2018/07/30 19:51:02 INFO  - jmeter.JMeter: Creating summariser <summary> 
2018/07/30 19:51:02 INFO  - jmeter.engine.StandardJMeterEngine: Running the test! 
2018/07/30 19:51:02 INFO  - jmeter.samplers.SampleEvent: List of sample_variables: [] 
2018/07/30 19:51:02 INFO  - jmeter.samplers.SampleEvent: List of sample_variables: [] 
2018/07/30 19:51:02 INFO  - jmeter.engine.util.CompoundVariable: Note: Function class names must contain the string: '.functions.' 
2018/07/30 19:51:02 INFO  - jmeter.engine.util.CompoundVariable: Note: Function class names must not contain the string: '.gui.' 
2018/07/30 19:51:02 INFO  - jmeter.testelement.TestPlan: add D:\apache-jmeter-3.3\bin\ApacheJMeter.jar to classpath 
2018/07/30 19:51:02 INFO  - jmeter.testelement.TestPlan: add D:\apache-jmeter-3.3\lib\mysql-connector-java-5.1.38-bin.jar to classpath 
2018/07/30 19:51:02 INFO  - jmeter.JMeter: 正在运行的测试 (1532951462420) 
2018/07/30 19:51:02 INFO  - jmeter.engine.StandardJMeterEngine: Starting ThreadGroup: 1 : 发站登录 
2018/07/30 19:51:02 INFO  - jmeter.engine.StandardJMeterEngine: Starting 1 threads for group 发站登录. 
2018/07/30 19:51:02 INFO  - jmeter.engine.StandardJMeterEngine: Thread will continue on error 
2018/07/30 19:51:02 INFO  - jmeter.threads.ThreadGroup: Starting thread group number 1 threads 1 ramp-up 1 perThread 1000.0 delayedStart=false 
2018/07/30 19:51:02 INFO  - jmeter.threads.ThreadGroup: Started thread group number 1 
2018/07/30 19:51:02 INFO  - jmeter.engine.StandardJMeterEngine: Waiting for thread group: 发站登录 to finish before starting next group 
2018/07/30 19:51:02 INFO  - jmeter.threads.JMeterThread: Thread started: 发站登录 1-1 
2018/07/30 19:51:02 INFO  - jmeter.protocol.http.sampler.HTTPHCAbstractImpl: Local host = MS-20180330SARF 
2018/07/30 19:51:02 INFO  - jmeter.protocol.http.sampler.HTTPHC4Impl: HTTP request retry count = 0 
2018/07/30 19:51:02 INFO  - jmeter.samplers.SampleResult: Note: Sample TimeStamps are START times 
2018/07/30 19:51:02 INFO  - jmeter.samplers.SampleResult: sampleresult.default.encoding is set to ISO-8859-1 
2018/07/30 19:51:02 INFO  - jmeter.samplers.SampleResult: sampleresult.useNanoTime=true 
2018/07/30 19:51:02 INFO  - jmeter.samplers.SampleResult: sampleresult.nanoThreadSleep=5000 
2018/07/30 19:51:02 INFO  - jmeter.reporters.Summariser: summary +      1 in 00:00:00 =    5.1/s Avg:    85 Min:    85 Max:    85 Err:     0 (0.00%) Active: 1 Started: 1 Finished: 0 
2018/07/30 19:51:02 INFO  - jmeter.threads.JMeterThread: Thread is done: 发站登录 1-1 
2018/07/30 19:51:02 INFO  - jmeter.threads.JMeterThread: Thread finished: 发站登录 1-1 
2018/07/30 19:51:02 INFO  - jmeter.engine.StandardJMeterEngine: Starting ThreadGroup: 2 : 开单 
2018/07/30 19:51:02 INFO  - jmeter.engine.StandardJMeterEngine: Starting 1 threads for group 开单. 
2018/07/30 19:51:02 INFO  - jmeter.engine.StandardJMeterEngine: Thread will continue on error 
2018/07/30 19:51:02 INFO  - jmeter.threads.ThreadGroup: Starting thread group number 2 threads 1 ramp-up 1 perThread 1000.0 delayedStart=false 
2018/07/30 19:51:02 INFO  - jmeter.threads.ThreadGroup: Started thread group number 2 
2018/07/30 19:51:02 INFO  - jmeter.engine.StandardJMeterEngine: Waiting for thread group: 开单 to finish before starting next group 
2018/07/30 19:51:02 INFO  - jmeter.threads.JMeterThread: Thread started: 开单 2-1 
2018/07/30 19:51:02 INFO  - jmeter.services.FileServer: Stored: ..\resources\orderData\到站普通账户.csv 
2018/07/30 19:51:02 INFO  - jmeter.threads.JMeterThread: Thread is done: 开单 2-1 
2018/07/30 19:51:02 INFO  - jmeter.threads.JMeterThread: Thread finished: 开单 2-1 
2018/07/30 19:51:02 INFO  - jmeter.engine.StandardJMeterEngine: Starting ThreadGroup: 3 : 配载 
2018/07/30 19:51:02 INFO  - jmeter.engine.StandardJMeterEngine: Starting 1 threads for group 配载. 
2018/07/30 19:51:02 INFO  - jmeter.engine.StandardJMeterEngine: Thread will continue on error 
2018/07/30 19:51:02 INFO  - jmeter.threads.ThreadGroup: Starting thread group number 3 threads 1 ramp-up 1 perThread 1000.0 delayedStart=false 
2018/07/30 19:51:02 INFO  - jmeter.threads.ThreadGroup: Started thread group number 3 
2018/07/30 19:51:02 INFO  - jmeter.engine.StandardJMeterEngine: Waiting for thread group: 配载 to finish before starting next group 
2018/07/30 19:51:02 INFO  - jmeter.threads.JMeterThread: Thread started: 配载 3-1 
2018/07/30 19:51:03 INFO  - jmeter.threads.JMeterThread: Thread is done: 配载 3-1 
2018/07/30 19:51:03 INFO  - jmeter.threads.JMeterThread: Thread finished: 配载 3-1 
2018/07/30 19:51:03 INFO  - jmeter.engine.StandardJMeterEngine: Starting ThreadGroup: 4 : 普通账户到站登录 
2018/07/30 19:51:03 INFO  - jmeter.engine.StandardJMeterEngine: Starting 1 threads for group 普通账户到站登录. 
2018/07/30 19:51:03 INFO  - jmeter.engine.StandardJMeterEngine: Thread will continue on error 
2018/07/30 19:51:03 INFO  - jmeter.threads.ThreadGroup: Starting thread group number 4 threads 1 ramp-up 1 perThread 1000.0 delayedStart=false 
2018/07/30 19:51:03 INFO  - jmeter.threads.ThreadGroup: Started thread group number 4 
2018/07/30 19:51:03 INFO  - jmeter.engine.StandardJMeterEngine: Waiting for thread group: 普通账户到站登录 to finish before starting next group 
2018/07/30 19:51:03 INFO  - jmeter.threads.JMeterThread: Thread started: 普通账户到站登录 4-1 
2018/07/30 19:51:03 INFO  - jmeter.threads.JMeterThread: Thread is done: 普通账户到站登录 4-1 
2018/07/30 19:51:03 INFO  - jmeter.threads.JMeterThread: Thread finished: 普通账户到站登录 4-1 
2018/07/30 19:51:03 INFO  - jmeter.engine.StandardJMeterEngine: Starting ThreadGroup: 5 : 到车、签收 
2018/07/30 19:51:03 INFO  - jmeter.engine.StandardJMeterEngine: Starting 1 threads for group 到车、签收. 
2018/07/30 19:51:03 INFO  - jmeter.engine.StandardJMeterEngine: Thread will continue on error 
2018/07/30 19:51:03 INFO  - jmeter.threads.ThreadGroup: Starting thread group number 5 threads 1 ramp-up 1 perThread 1000.0 delayedStart=false 
2018/07/30 19:51:03 INFO  - jmeter.threads.ThreadGroup: Started thread group number 5 
2018/07/30 19:51:03 INFO  - jmeter.engine.StandardJMeterEngine: Waiting for thread group: 到车、签收 to finish before starting next group 
2018/07/30 19:51:03 INFO  - jmeter.threads.JMeterThread: Thread started: 到车、签收 5-1 
2018/07/30 19:51:03 INFO  - jmeter.threads.JMeterThread: Thread is done: 到车、签收 5-1 
2018/07/30 19:51:03 INFO  - jmeter.threads.JMeterThread: Thread finished: 到车、签收 5-1 
2018/07/30 19:51:03 INFO  - jmeter.engine.StandardJMeterEngine: Starting ThreadGroup: 6 : 余额不足，上缴打款失败 
2018/07/30 19:51:03 INFO  - jmeter.engine.StandardJMeterEngine: Starting 1 threads for group 余额不足，上缴打款失败. 
2018/07/30 19:51:03 INFO  - jmeter.engine.StandardJMeterEngine: Thread will continue on error 
2018/07/30 19:51:03 INFO  - jmeter.threads.ThreadGroup: Starting thread group number 6 threads 1 ramp-up 1 perThread 1000.0 delayedStart=false 
2018/07/30 19:51:03 INFO  - jmeter.threads.ThreadGroup: Started thread group number 6 
2018/07/30 19:51:03 INFO  - jmeter.engine.StandardJMeterEngine: Waiting for thread group: 余额不足，上缴打款失败 to finish before starting next group 
2018/07/30 19:51:03 INFO  - jmeter.threads.JMeterThread: Thread started: 余额不足，上缴打款失败 6-1 
2018/07/30 19:51:03 INFO  - jmeter.util.BeanShellTestElement: 运单货款缴款后的状态：1 
2018/07/30 19:51:03 INFO  - jmeter.util.BeanShellTestElement: 运单无法上缴，余额不足！！！ 
2018/07/30 19:51:03 INFO  - jmeter.threads.JMeterThread: Thread is done: 余额不足，上缴打款失败 6-1 
2018/07/30 19:51:03 INFO  - jmeter.threads.JMeterThread: Thread finished: 余额不足，上缴打款失败 6-1 
2018/07/30 19:51:03 INFO  - jmeter.engine.StandardJMeterEngine: Starting ThreadGroup: 7 : 普通账户充值 
2018/07/30 19:51:03 INFO  - jmeter.engine.StandardJMeterEngine: Starting 1 threads for group 普通账户充值. 
2018/07/30 19:51:03 INFO  - jmeter.engine.StandardJMeterEngine: Thread will continue on error 
2018/07/30 19:51:03 INFO  - jmeter.threads.ThreadGroup: Starting thread group number 7 threads 1 ramp-up 1 perThread 1000.0 delayedStart=false 
2018/07/30 19:51:03 INFO  - jmeter.threads.ThreadGroup: Started thread group number 7 
2018/07/30 19:51:03 INFO  - jmeter.engine.StandardJMeterEngine: Waiting for thread group: 普通账户充值 to finish before starting next group 
2018/07/30 19:51:03 INFO  - jmeter.threads.JMeterThread: Thread started: 普通账户充值 7-1 
2018/07/30 19:51:03 INFO  - jmeter.threads.JMeterThread: Thread is done: 普通账户充值 7-1 
2018/07/30 19:51:03 INFO  - jmeter.threads.JMeterThread: Thread finished: 普通账户充值 7-1 
2018/07/30 19:51:03 INFO  - jmeter.engine.StandardJMeterEngine: Starting ThreadGroup: 8 : 上缴打款成功 
2018/07/30 19:51:03 INFO  - jmeter.engine.StandardJMeterEngine: Starting 1 threads for group 上缴打款成功. 
2018/07/30 19:51:03 INFO  - jmeter.engine.StandardJMeterEngine: Thread will continue on error 
2018/07/30 19:51:03 INFO  - jmeter.threads.ThreadGroup: Starting thread group number 8 threads 1 ramp-up 1 perThread 1000.0 delayedStart=false 
2018/07/30 19:51:03 INFO  - jmeter.threads.ThreadGroup: Started thread group number 8 
2018/07/30 19:51:03 INFO  - jmeter.engine.StandardJMeterEngine: Waiting for thread group: 上缴打款成功 to finish before starting next group 
2018/07/30 19:51:03 INFO  - jmeter.threads.JMeterThread: Thread started: 上缴打款成功 8-1 
2018/07/30 19:51:04 INFO  - jmeter.util.BeanShellTestElement: 运单货款缴款后的状态：3 
2018/07/30 19:51:04 INFO  - jmeter.util.BeanShellTestElement: 运单成功上缴货款，状态是已核销！！！ 
2018/07/30 19:51:04 INFO  - jmeter.threads.JMeterThread: Thread is done: 上缴打款成功 8-1 
2018/07/30 19:51:04 INFO  - jmeter.threads.JMeterThread: Thread finished: 上缴打款成功 8-1 
2018/07/30 19:51:04 INFO  - jmeter.engine.StandardJMeterEngine: Starting ThreadGroup: 9 : 余额置为0 
2018/07/30 19:51:04 INFO  - jmeter.engine.StandardJMeterEngine: Starting 1 threads for group 余额置为0. 
2018/07/30 19:51:04 INFO  - jmeter.engine.StandardJMeterEngine: Thread will continue on error 
2018/07/30 19:51:04 INFO  - jmeter.threads.ThreadGroup: Starting thread group number 9 threads 1 ramp-up 1 perThread 1000.0 delayedStart=false 
2018/07/30 19:51:04 INFO  - jmeter.threads.ThreadGroup: Started thread group number 9 
2018/07/30 19:51:04 INFO  - jmeter.engine.StandardJMeterEngine: All thread groups have been started 
2018/07/30 19:51:04 INFO  - jmeter.threads.JMeterThread: Thread started: 余额置为0 9-1 
2018/07/30 19:51:04 INFO  - jmeter.threads.JMeterThread: Thread is done: 余额置为0 9-1 
2018/07/30 19:51:04 INFO  - jmeter.threads.JMeterThread: Thread finished: 余额置为0 9-1 
2018/07/30 19:51:04 INFO  - jmeter.engine.StandardJMeterEngine: Notifying test listeners of end of test 
2018/07/30 19:51:04 INFO  - jmeter.services.FileServer: Close: ..\resources\orderData\到站普通账户.csv 
2018/07/30 19:51:04 INFO  - jmeter.reporters.Summariser: summary +     18 in 00:00:02 =   10.7/s Avg:    64 Min:     0 Max:   233 Err:     0 (0.00%) Active: 0 Started: 9 Finished: 9 
2018/07/30 19:51:04 INFO  - jmeter.reporters.Summariser: summary =     19 in 00:00:02 =   10.1/s Avg:    65 Min:     0 Max:   233 Err:     0 (0.00%) 
