2018/07/30 19:51:04 INFO  - jmeter.util.JMeterUtils: Setting Locale to zh_CN 
2018/07/30 19:51:04 INFO  - jmeter.JMeter: Loading system properties from: E:\apiTest\target\jmeter\bin\system.properties 
2018/07/30 19:51:04 INFO  - jmeter.JMeter: Copyright (c) 1998-2016 The Apache Software Foundation 
2018/07/30 19:51:04 INFO  - jmeter.JMeter: Version 3.1 r1770033 
2018/07/30 19:51:04 INFO  - jmeter.JMeter: java.version=1.8.0_144 
2018/07/30 19:51:04 INFO  - jmeter.JMeter: java.vm.name=Java HotSpot(TM) Client VM 
2018/07/30 19:51:04 INFO  - jmeter.JMeter: os.name=Windows 7 
2018/07/30 19:51:04 INFO  - jmeter.JMeter: os.arch=x86 
2018/07/30 19:51:04 INFO  - jmeter.JMeter: os.version=6.1 
2018/07/30 19:51:04 INFO  - jmeter.JMeter: file.encoding=GBK 
2018/07/30 19:51:04 INFO  - jmeter.JMeter: Max memory     =518979584 
2018/07/30 19:51:04 INFO  - jmeter.JMeter: Available Processors =8 
2018/07/30 19:51:04 INFO  - jmeter.JMeter: Default Locale=中文 (中国) 
2018/07/30 19:51:04 INFO  - jmeter.JMeter: JMeter  Locale=中文 (中国) 
2018/07/30 19:51:04 INFO  - jmeter.JMeter: JMeterHome=E:\apiTest\target\jmeter 
2018/07/30 19:51:04 INFO  - jmeter.JMeter: user.dir  =E:\apiTest\target\jmeter\bin 
2018/07/30 19:51:04 INFO  - jmeter.JMeter: PWD       =E:\apiTest\target\jmeter\bin 
2018/07/30 19:51:04 INFO  - jmeter.JMeter: IP: 192.168.4.32 Name: MS-20180330SARF FullName: MS-20180330SARF 
2018/07/30 19:51:04 INFO  - jmeter.services.FileServer: Default base='E:\apiTest\target\jmeter\bin' 
2018/07/30 19:51:04 INFO  - jmeter.services.FileServer: Set new base='E:\apiTest\target\jmeter\testFiles\jmx' 
2018/07/30 19:51:04 INFO  - jmeter.save.SaveService: Testplan (JMX) version: 2.2. Testlog (JTL) version: 2.2 
2018/07/30 19:51:04 INFO  - jmeter.save.SaveService: Using SaveService properties file encoding UTF-8 
2018/07/30 19:51:04 INFO  - jmeter.save.SaveService: Using SaveService properties version 3.2 
2018/07/30 19:51:04 WARN  - jmeter.save.SaveService: Bad _version - expected 3.1, found 3.2. 
2018/07/30 19:51:04 INFO  - jmeter.save.SaveService: All converter versions present and correct 
2018/07/30 19:51:04 INFO  - jmeter.save.SaveService: Loading file: E:\apiTest\target\jmeter\testFiles\jmx\现金发放失败（挂失）.jmx 
2018/07/30 19:51:04 INFO  - jmeter.protocol.http.control.CookieManager: Settings: Delete null: true Check: true Allow variable: true Save: false Prefix: COOKIE_ 
2018/07/30 19:51:04 INFO  - jmeter.protocol.http.sampler.HTTPSamplerBase: Parser for text/html is org.apache.jmeter.protocol.http.parser.LagartoBasedHtmlParser 
2018/07/30 19:51:04 INFO  - jmeter.protocol.http.sampler.HTTPSamplerBase: Parser for application/xhtml+xml is org.apache.jmeter.protocol.http.parser.LagartoBasedHtmlParser 
2018/07/30 19:51:04 INFO  - jmeter.protocol.http.sampler.HTTPSamplerBase: Parser for application/xml is org.apache.jmeter.protocol.http.parser.LagartoBasedHtmlParser 
2018/07/30 19:51:04 INFO  - jmeter.protocol.http.sampler.HTTPSamplerBase: Parser for text/xml is org.apache.jmeter.protocol.http.parser.LagartoBasedHtmlParser 
2018/07/30 19:51:04 INFO  - jmeter.protocol.http.sampler.HTTPSamplerBase: Parser for text/vnd.wap.wml is org.apache.jmeter.protocol.http.parser.RegexpHTMLParser 
2018/07/30 19:51:04 INFO  - jmeter.protocol.http.sampler.HTTPSamplerBase: Parser for text/css is org.apache.jmeter.protocol.http.parser.CssParser 
2018/07/30 19:51:05 INFO  - jmeter.JMeter: Creating summariser <summary> 
2018/07/30 19:51:05 INFO  - jmeter.engine.StandardJMeterEngine: Running the test! 
2018/07/30 19:51:05 INFO  - jmeter.samplers.SampleEvent: List of sample_variables: [] 
2018/07/30 19:51:05 INFO  - jmeter.samplers.SampleEvent: List of sample_variables: [] 
2018/07/30 19:51:05 INFO  - jmeter.engine.util.CompoundVariable: Note: Function class names must contain the string: '.functions.' 
2018/07/30 19:51:05 INFO  - jmeter.engine.util.CompoundVariable: Note: Function class names must not contain the string: '.gui.' 
2018/07/30 19:51:05 ERROR - jmeter.protocol.jdbc.config.DataSourceElement: JDBC data source already defined for: Mysql 
2018/07/30 19:51:05 INFO  - jmeter.JMeter: 正在运行的测试 (1532951465209) 
2018/07/30 19:51:05 INFO  - jmeter.engine.StandardJMeterEngine: Starting ThreadGroup: 1 : 发站登录 
2018/07/30 19:51:05 INFO  - jmeter.engine.StandardJMeterEngine: Starting 1 threads for group 发站登录. 
2018/07/30 19:51:05 INFO  - jmeter.engine.StandardJMeterEngine: Thread will continue on error 
2018/07/30 19:51:05 INFO  - jmeter.threads.ThreadGroup: Starting thread group number 1 threads 1 ramp-up 1 perThread 1000.0 delayedStart=false 
2018/07/30 19:51:05 INFO  - jmeter.threads.ThreadGroup: Started thread group number 1 
2018/07/30 19:51:05 INFO  - jmeter.engine.StandardJMeterEngine: Waiting for thread group: 发站登录 to finish before starting next group 
2018/07/30 19:51:05 INFO  - jmeter.threads.JMeterThread: Thread started: 发站登录 1-1 
2018/07/30 19:51:05 INFO  - jmeter.protocol.http.sampler.HTTPHCAbstractImpl: Local host = MS-20180330SARF 
2018/07/30 19:51:05 INFO  - jmeter.protocol.http.sampler.HTTPHC4Impl: HTTP request retry count = 0 
2018/07/30 19:51:05 INFO  - jmeter.samplers.SampleResult: Note: Sample TimeStamps are START times 
2018/07/30 19:51:05 INFO  - jmeter.samplers.SampleResult: sampleresult.default.encoding is set to ISO-8859-1 
2018/07/30 19:51:05 INFO  - jmeter.samplers.SampleResult: sampleresult.useNanoTime=true 
2018/07/30 19:51:05 INFO  - jmeter.samplers.SampleResult: sampleresult.nanoThreadSleep=5000 
2018/07/30 19:51:05 INFO  - jmeter.reporters.Summariser: summary +      1 in 00:00:00 =    5.1/s Avg:    93 Min:    93 Max:    93 Err:     0 (0.00%) Active: 1 Started: 1 Finished: 0 
2018/07/30 19:51:05 INFO  - jmeter.threads.JMeterThread: Thread is done: 发站登录 1-1 
2018/07/30 19:51:05 INFO  - jmeter.threads.JMeterThread: Thread finished: 发站登录 1-1 
2018/07/30 19:51:05 INFO  - jmeter.engine.StandardJMeterEngine: Starting ThreadGroup: 2 : 开单 
2018/07/30 19:51:05 INFO  - jmeter.engine.StandardJMeterEngine: Starting 1 threads for group 开单. 
2018/07/30 19:51:05 INFO  - jmeter.engine.StandardJMeterEngine: Thread will continue on error 
2018/07/30 19:51:05 INFO  - jmeter.threads.ThreadGroup: Starting thread group number 2 threads 1 ramp-up 1 perThread 1000.0 delayedStart=false 
2018/07/30 19:51:05 INFO  - jmeter.threads.ThreadGroup: Started thread group number 2 
2018/07/30 19:51:05 INFO  - jmeter.engine.StandardJMeterEngine: Waiting for thread group: 开单 to finish before starting next group 
2018/07/30 19:51:05 INFO  - jmeter.threads.JMeterThread: Thread started: 开单 2-1 
2018/07/30 19:51:05 INFO  - jmeter.services.FileServer: Stored: ..\resources\orderData\到站为无账户.csv 
2018/07/30 19:51:05 INFO  - jmeter.threads.JMeterThread: Thread is done: 开单 2-1 
2018/07/30 19:51:05 INFO  - jmeter.threads.JMeterThread: Thread finished: 开单 2-1 
2018/07/30 19:51:05 INFO  - jmeter.engine.StandardJMeterEngine: Starting ThreadGroup: 3 : 配载 
2018/07/30 19:51:05 INFO  - jmeter.engine.StandardJMeterEngine: Starting 1 threads for group 配载. 
2018/07/30 19:51:05 INFO  - jmeter.engine.StandardJMeterEngine: Thread will continue on error 
2018/07/30 19:51:05 INFO  - jmeter.threads.ThreadGroup: Starting thread group number 3 threads 1 ramp-up 1 perThread 1000.0 delayedStart=false 
2018/07/30 19:51:05 INFO  - jmeter.threads.ThreadGroup: Started thread group number 3 
2018/07/30 19:51:05 INFO  - jmeter.engine.StandardJMeterEngine: Waiting for thread group: 配载 to finish before starting next group 
2018/07/30 19:51:05 INFO  - jmeter.threads.JMeterThread: Thread started: 配载 3-1 
2018/07/30 19:51:05 INFO  - jmeter.threads.JMeterThread: Thread is done: 配载 3-1 
2018/07/30 19:51:05 INFO  - jmeter.threads.JMeterThread: Thread finished: 配载 3-1 
2018/07/30 19:51:05 INFO  - jmeter.engine.StandardJMeterEngine: Starting ThreadGroup: 4 : 无账户到站登录 
2018/07/30 19:51:05 INFO  - jmeter.engine.StandardJMeterEngine: Starting 1 threads for group 无账户到站登录. 
2018/07/30 19:51:05 INFO  - jmeter.engine.StandardJMeterEngine: Thread will continue on error 
2018/07/30 19:51:05 INFO  - jmeter.threads.ThreadGroup: Starting thread group number 4 threads 1 ramp-up 1 perThread 1000.0 delayedStart=false 
2018/07/30 19:51:05 INFO  - jmeter.threads.ThreadGroup: Started thread group number 4 
2018/07/30 19:51:05 INFO  - jmeter.engine.StandardJMeterEngine: Waiting for thread group: 无账户到站登录 to finish before starting next group 
2018/07/30 19:51:05 INFO  - jmeter.threads.JMeterThread: Thread started: 无账户到站登录 4-1 
2018/07/30 19:51:05 INFO  - jmeter.threads.JMeterThread: Thread is done: 无账户到站登录 4-1 
2018/07/30 19:51:05 INFO  - jmeter.threads.JMeterThread: Thread finished: 无账户到站登录 4-1 
2018/07/30 19:51:05 INFO  - jmeter.engine.StandardJMeterEngine: Starting ThreadGroup: 5 : 挂失 
2018/07/30 19:51:05 INFO  - jmeter.engine.StandardJMeterEngine: Starting 1 threads for group 挂失. 
2018/07/30 19:51:05 INFO  - jmeter.engine.StandardJMeterEngine: Thread will continue on error 
2018/07/30 19:51:05 INFO  - jmeter.threads.ThreadGroup: Starting thread group number 5 threads 1 ramp-up 1 perThread 1000.0 delayedStart=false 
2018/07/30 19:51:05 INFO  - jmeter.threads.ThreadGroup: Started thread group number 5 
2018/07/30 19:51:05 INFO  - jmeter.engine.StandardJMeterEngine: Waiting for thread group: 挂失 to finish before starting next group 
2018/07/30 19:51:05 INFO  - jmeter.threads.JMeterThread: Thread started: 挂失 5-1 
2018/07/30 19:51:06 INFO  - jmeter.threads.JMeterThread: Thread is done: 挂失 5-1 
2018/07/30 19:51:06 INFO  - jmeter.threads.JMeterThread: Thread finished: 挂失 5-1 
2018/07/30 19:51:06 INFO  - jmeter.engine.StandardJMeterEngine: Starting ThreadGroup: 6 : 到车、签收 
2018/07/30 19:51:06 INFO  - jmeter.engine.StandardJMeterEngine: Starting 1 threads for group 到车、签收. 
2018/07/30 19:51:06 INFO  - jmeter.engine.StandardJMeterEngine: Thread will continue on error 
2018/07/30 19:51:06 INFO  - jmeter.threads.ThreadGroup: Starting thread group number 6 threads 1 ramp-up 1 perThread 1000.0 delayedStart=false 
2018/07/30 19:51:06 INFO  - jmeter.threads.ThreadGroup: Started thread group number 6 
2018/07/30 19:51:06 INFO  - jmeter.engine.StandardJMeterEngine: Waiting for thread group: 到车、签收 to finish before starting next group 
2018/07/30 19:51:06 INFO  - jmeter.threads.JMeterThread: Thread started: 到车、签收 6-1 
2018/07/30 19:51:06 INFO  - jmeter.threads.JMeterThread: Thread is done: 到车、签收 6-1 
2018/07/30 19:51:06 INFO  - jmeter.threads.JMeterThread: Thread finished: 到车、签收 6-1 
2018/07/30 19:51:06 INFO  - jmeter.engine.StandardJMeterEngine: Starting ThreadGroup: 7 : 无账户代收货款上缴打款成功 
2018/07/30 19:51:06 INFO  - jmeter.engine.StandardJMeterEngine: Starting 1 threads for group 无账户代收货款上缴打款成功. 
2018/07/30 19:51:06 INFO  - jmeter.engine.StandardJMeterEngine: Thread will continue on error 
2018/07/30 19:51:06 INFO  - jmeter.threads.ThreadGroup: Starting thread group number 7 threads 1 ramp-up 1 perThread 1000.0 delayedStart=false 
2018/07/30 19:51:06 INFO  - jmeter.threads.ThreadGroup: Started thread group number 7 
2018/07/30 19:51:06 INFO  - jmeter.engine.StandardJMeterEngine: Waiting for thread group: 无账户代收货款上缴打款成功 to finish before starting next group 
2018/07/30 19:51:06 INFO  - jmeter.threads.JMeterThread: Thread started: 无账户代收货款上缴打款成功 7-1 
2018/07/30 19:51:07 INFO  - jmeter.util.BeanShellTestElement: 运单货款缴款后的状态：2 
2018/07/30 19:51:07 INFO  - jmeter.util.BeanShellTestElement: 运单成功上缴货款，状态是已缴款但未到款！！！ 
2018/07/30 19:51:07 INFO  - jmeter.util.BeanShellTestElement: 运单货款缴款后的状态：3 
2018/07/30 19:51:07 INFO  - jmeter.util.BeanShellTestElement: 运单货款核销成功！！！ 
2018/07/30 19:51:07 INFO  - jmeter.threads.JMeterThread: Thread is done: 无账户代收货款上缴打款成功 7-1 
2018/07/30 19:51:07 INFO  - jmeter.threads.JMeterThread: Thread finished: 无账户代收货款上缴打款成功 7-1 
2018/07/30 19:51:07 INFO  - jmeter.engine.StandardJMeterEngine: Starting ThreadGroup: 8 : 现金发放失败 
2018/07/30 19:51:07 INFO  - jmeter.engine.StandardJMeterEngine: Starting 1 threads for group 现金发放失败. 
2018/07/30 19:51:07 INFO  - jmeter.engine.StandardJMeterEngine: Thread will continue on error 
2018/07/30 19:51:07 INFO  - jmeter.threads.ThreadGroup: Starting thread group number 8 threads 1 ramp-up 1 perThread 1000.0 delayedStart=false 
2018/07/30 19:51:07 INFO  - jmeter.threads.ThreadGroup: Started thread group number 8 
2018/07/30 19:51:07 INFO  - jmeter.engine.StandardJMeterEngine: Waiting for thread group: 现金发放失败 to finish before starting next group 
2018/07/30 19:51:07 INFO  - jmeter.threads.JMeterThread: Thread started: 现金发放失败 8-1 
2018/07/30 19:51:08 INFO  - jmeter.threads.JMeterThread: Thread is done: 现金发放失败 8-1 
2018/07/30 19:51:08 INFO  - jmeter.threads.JMeterThread: Thread finished: 现金发放失败 8-1 
2018/07/30 19:51:08 INFO  - jmeter.engine.StandardJMeterEngine: Starting ThreadGroup: 9 : 解挂 
2018/07/30 19:51:08 INFO  - jmeter.engine.StandardJMeterEngine: Starting 1 threads for group 解挂. 
2018/07/30 19:51:08 INFO  - jmeter.engine.StandardJMeterEngine: Thread will continue on error 
2018/07/30 19:51:08 INFO  - jmeter.threads.ThreadGroup: Starting thread group number 9 threads 1 ramp-up 1 perThread 1000.0 delayedStart=false 
2018/07/30 19:51:08 INFO  - jmeter.threads.ThreadGroup: Started thread group number 9 
2018/07/30 19:51:08 INFO  - jmeter.engine.StandardJMeterEngine: All thread groups have been started 
2018/07/30 19:51:08 INFO  - jmeter.threads.JMeterThread: Thread started: 解挂 9-1 
2018/07/30 19:51:08 INFO  - jmeter.threads.JMeterThread: Thread is done: 解挂 9-1 
2018/07/30 19:51:08 INFO  - jmeter.threads.JMeterThread: Thread finished: 解挂 9-1 
2018/07/30 19:51:08 INFO  - jmeter.engine.StandardJMeterEngine: Notifying test listeners of end of test 
2018/07/30 19:51:08 INFO  - jmeter.services.FileServer: Close: ..\resources\orderData\到站为无账户.csv 
2018/07/30 19:51:08 INFO  - jmeter.reporters.Summariser: summary +     20 in 00:00:03 =    7.4/s Avg:   109 Min:     0 Max:   739 Err:     0 (0.00%) Active: 0 Started: 9 Finished: 9 
2018/07/30 19:51:08 INFO  - jmeter.reporters.Summariser: summary =     21 in 00:00:03 =    7.2/s Avg:   109 Min:     0 Max:   739 Err:     0 (0.00%) 
