2018/07/30 19:51:22 INFO  - jmeter.util.JMeterUtils: Setting Locale to zh_CN 
2018/07/30 19:51:22 INFO  - jmeter.JMeter: Loading system properties from: E:\apiTest\target\jmeter\bin\system.properties 
2018/07/30 19:51:22 INFO  - jmeter.JMeter: Copyright (c) 1998-2016 The Apache Software Foundation 
2018/07/30 19:51:22 INFO  - jmeter.JMeter: Version 3.1 r1770033 
2018/07/30 19:51:22 INFO  - jmeter.JMeter: java.version=1.8.0_144 
2018/07/30 19:51:22 INFO  - jmeter.JMeter: java.vm.name=Java HotSpot(TM) Client VM 
2018/07/30 19:51:22 INFO  - jmeter.JMeter: os.name=Windows 7 
2018/07/30 19:51:22 INFO  - jmeter.JMeter: os.arch=x86 
2018/07/30 19:51:22 INFO  - jmeter.JMeter: os.version=6.1 
2018/07/30 19:51:22 INFO  - jmeter.JMeter: file.encoding=GBK 
2018/07/30 19:51:22 INFO  - jmeter.JMeter: Max memory     =518979584 
2018/07/30 19:51:22 INFO  - jmeter.JMeter: Available Processors =8 
2018/07/30 19:51:22 INFO  - jmeter.JMeter: Default Locale=中文 (中国) 
2018/07/30 19:51:22 INFO  - jmeter.JMeter: JMeter  Locale=中文 (中国) 
2018/07/30 19:51:22 INFO  - jmeter.JMeter: JMeterHome=E:\apiTest\target\jmeter 
2018/07/30 19:51:22 INFO  - jmeter.JMeter: user.dir  =E:\apiTest\target\jmeter\bin 
2018/07/30 19:51:22 INFO  - jmeter.JMeter: PWD       =E:\apiTest\target\jmeter\bin 
2018/07/30 19:51:22 INFO  - jmeter.JMeter: IP: 192.168.4.32 Name: MS-20180330SARF FullName: MS-20180330SARF 
2018/07/30 19:51:22 INFO  - jmeter.services.FileServer: Default base='E:\apiTest\target\jmeter\bin' 
2018/07/30 19:51:22 INFO  - jmeter.services.FileServer: Set new base='E:\apiTest\target\jmeter\testFiles\jmx' 
2018/07/30 19:51:22 INFO  - jmeter.save.SaveService: Testplan (JMX) version: 2.2. Testlog (JTL) version: 2.2 
2018/07/30 19:51:22 INFO  - jmeter.save.SaveService: Using SaveService properties file encoding UTF-8 
2018/07/30 19:51:22 INFO  - jmeter.save.SaveService: Using SaveService properties version 3.2 
2018/07/30 19:51:22 WARN  - jmeter.save.SaveService: Bad _version - expected 3.1, found 3.2. 
2018/07/30 19:51:22 INFO  - jmeter.save.SaveService: All converter versions present and correct 
2018/07/30 19:51:22 INFO  - jmeter.save.SaveService: Loading file: E:\apiTest\target\jmeter\testFiles\jmx\登录+运费缴款.jmx 
2018/07/30 19:51:22 INFO  - jmeter.protocol.http.sampler.HTTPSamplerBase: Parser for text/html is org.apache.jmeter.protocol.http.parser.LagartoBasedHtmlParser 
2018/07/30 19:51:22 INFO  - jmeter.protocol.http.sampler.HTTPSamplerBase: Parser for application/xhtml+xml is org.apache.jmeter.protocol.http.parser.LagartoBasedHtmlParser 
2018/07/30 19:51:22 INFO  - jmeter.protocol.http.sampler.HTTPSamplerBase: Parser for application/xml is org.apache.jmeter.protocol.http.parser.LagartoBasedHtmlParser 
2018/07/30 19:51:22 INFO  - jmeter.protocol.http.sampler.HTTPSamplerBase: Parser for text/xml is org.apache.jmeter.protocol.http.parser.LagartoBasedHtmlParser 
2018/07/30 19:51:22 INFO  - jmeter.protocol.http.sampler.HTTPSamplerBase: Parser for text/vnd.wap.wml is org.apache.jmeter.protocol.http.parser.RegexpHTMLParser 
2018/07/30 19:51:22 INFO  - jmeter.protocol.http.sampler.HTTPSamplerBase: Parser for text/css is org.apache.jmeter.protocol.http.parser.CssParser 
2018/07/30 19:51:23 INFO  - jmeter.JMeter: Creating summariser <summary> 
2018/07/30 19:51:23 INFO  - jmeter.engine.StandardJMeterEngine: Running the test! 
2018/07/30 19:51:23 INFO  - jmeter.samplers.SampleEvent: List of sample_variables: [] 
2018/07/30 19:51:23 INFO  - jmeter.samplers.SampleEvent: List of sample_variables: [] 
2018/07/30 19:51:23 INFO  - jmeter.engine.util.CompoundVariable: Note: Function class names must contain the string: '.functions.' 
2018/07/30 19:51:23 INFO  - jmeter.engine.util.CompoundVariable: Note: Function class names must not contain the string: '.gui.' 
2018/07/30 19:51:23 INFO  - jmeter.testelement.TestPlan: add C:\Jmeter\apache-jmeter-3.3\bin\ApacheJMeter.jar to classpath 
2018/07/30 19:51:23 INFO  - jmeter.testelement.TestPlan: add C:\Jmeter\apache-jmeter-3.3\bin\mysql-connector-java-8.0.7-dmr-bin.jar to classpath 
2018/07/30 19:51:23 INFO  - jmeter.JMeter: 正在运行的测试 (1532951483151) 
2018/07/30 19:51:23 INFO  - jmeter.engine.StandardJMeterEngine: Starting ThreadGroup: 1 : 运费缴款 
2018/07/30 19:51:23 INFO  - jmeter.engine.StandardJMeterEngine: Starting 1 threads for group 运费缴款. 
2018/07/30 19:51:23 INFO  - jmeter.engine.StandardJMeterEngine: Thread will continue on error 
2018/07/30 19:51:23 INFO  - jmeter.threads.ThreadGroup: Starting thread group number 1 threads 1 ramp-up 1 perThread 1000.0 delayedStart=false 
2018/07/30 19:51:23 INFO  - jmeter.threads.ThreadGroup: Started thread group number 1 
2018/07/30 19:51:23 INFO  - jmeter.engine.StandardJMeterEngine: All thread groups have been started 
2018/07/30 19:51:23 INFO  - jmeter.threads.JMeterThread: Thread started: 运费缴款 1-1 
2018/07/30 19:51:23 INFO  - jmeter.protocol.http.sampler.HTTPHCAbstractImpl: Local host = MS-20180330SARF 
2018/07/30 19:51:23 INFO  - jmeter.protocol.http.sampler.HTTPHC4Impl: HTTP request retry count = 0 
2018/07/30 19:51:23 INFO  - jmeter.samplers.SampleResult: Note: Sample TimeStamps are START times 
2018/07/30 19:51:23 INFO  - jmeter.samplers.SampleResult: sampleresult.default.encoding is set to ISO-8859-1 
2018/07/30 19:51:23 INFO  - jmeter.samplers.SampleResult: sampleresult.useNanoTime=true 
2018/07/30 19:51:23 INFO  - jmeter.samplers.SampleResult: sampleresult.nanoThreadSleep=5000 
2018/07/30 19:51:23 INFO  - jmeter.util.BeanShellTestElement: 获取到token:epriainqvgwmajrljxjxlyajafhtyvajmqnsdkpqejavdunyotqbgpdukgpxtizl 
2018/07/30 19:51:23 INFO  - jmeter.services.FileServer: Stored: ..\resources\开单数据1.csv 
2018/07/30 19:51:23 INFO  - jmeter.util.BeanShellTestElement: ---获取的运单号id为：---3518073000323 
2018/07/30 19:51:24 INFO  - jmeter.util.BeanShellTestElement: 查询条数：1 
2018/07/30 19:51:24 INFO  - jmeter.util.BeanShellTestElement: 运费缴款查询获取status：200 
2018/07/30 19:51:24 INFO  - jmeter.util.BeanShellTestElement: 运费缴款查询获取total：14 
2018/07/30 19:51:24 INFO  - jmeter.util.BeanShellTestElement: 运费缴款查询获取number[0]：3518072400001 
2018/07/30 19:51:24 INFO  - jmeter.util.BeanShellTestElement: 运费缴款查询获取pushTime：1532951502605 
2018/07/30 19:51:24 INFO  - jmeter.util.BeanShellTestElement: 运费缴款查询有数据，且查询正确！查询到的数据条数为：14 
2018/07/30 19:51:24 INFO  - jmeter.util.BeanShellTestElement: 运费缴款---------确认获取status：200 
2018/07/30 19:51:24 INFO  - jmeter.util.BeanShellTestElement: 运费缴款---------确认获取message： 
2018/07/30 19:51:24 INFO  - jmeter.util.BeanShellTestElement: 运费缴款---------确认获取核销编号：16393 
2018/07/30 19:51:24 INFO  - jmeter.util.BeanShellTestElement: 运费缴款---------确认获取-查询时候获取到的第一个运单id-itemsNumber：3518072400001 
2018/07/30 19:51:24 INFO  - jmeter.util.BeanShellTestElement: 运单缴款后的状态：2 
2018/07/30 19:51:24 INFO  - jmeter.util.BeanShellTestElement: 运单成功上缴运费，状态是已缴款但未到款！！！ 
2018/07/30 19:51:24 INFO  - jmeter.util.BeanShellTestElement: 核销编号查询status：200 
2018/07/30 19:51:24 INFO  - jmeter.util.BeanShellTestElement: 核销编号查询total：14 
2018/07/30 19:51:24 INFO  - jmeter.util.BeanShellTestElement: 核销编号中查询运单number：3518072400001 
2018/07/30 19:51:24 INFO  - jmeter.util.BeanShellTestElement: 运费缴款核销单号-numberId：16393 
2018/07/30 19:51:24 INFO  - jmeter.util.BeanShellTestElement: 运费缴款-确认获取-查询时候获取到的第一个运单id-itemsNumber：3518072400001 
2018/07/30 19:51:24 INFO  - jmeter.util.BeanShellTestElement: 上缴前查询到的运单：3518072400001,核销编号中查询运单号number：3518072400001确认运单被上缴，成功！ 
2018/07/30 19:51:24 INFO  - jmeter.threads.JMeterThread: Thread is done: 运费缴款 1-1 
2018/07/30 19:51:24 INFO  - jmeter.threads.JMeterThread: Thread finished: 运费缴款 1-1 
2018/07/30 19:51:24 INFO  - jmeter.engine.StandardJMeterEngine: Notifying test listeners of end of test 
2018/07/30 19:51:24 INFO  - jmeter.services.FileServer: Close: ..\resources\开单数据1.csv 
2018/07/30 19:51:24 INFO  - jmeter.reporters.Summariser: summary =      8 in 00:00:02 =    4.6/s Avg:    82 Min:     0 Max:   232 Err:     0 (0.00%) 
