2018/07/30 19:51:21 INFO  - jmeter.util.JMeterUtils: Setting Locale to zh_CN 
2018/07/30 19:51:21 INFO  - jmeter.JMeter: Loading system properties from: E:\apiTest\target\jmeter\bin\system.properties 
2018/07/30 19:51:21 INFO  - jmeter.JMeter: Copyright (c) 1998-2016 The Apache Software Foundation 
2018/07/30 19:51:21 INFO  - jmeter.JMeter: Version 3.1 r1770033 
2018/07/30 19:51:21 INFO  - jmeter.JMeter: java.version=1.8.0_144 
2018/07/30 19:51:21 INFO  - jmeter.JMeter: java.vm.name=Java HotSpot(TM) Client VM 
2018/07/30 19:51:21 INFO  - jmeter.JMeter: os.name=Windows 7 
2018/07/30 19:51:21 INFO  - jmeter.JMeter: os.arch=x86 
2018/07/30 19:51:21 INFO  - jmeter.JMeter: os.version=6.1 
2018/07/30 19:51:21 INFO  - jmeter.JMeter: file.encoding=GBK 
2018/07/30 19:51:21 INFO  - jmeter.JMeter: Max memory     =518979584 
2018/07/30 19:51:21 INFO  - jmeter.JMeter: Available Processors =8 
2018/07/30 19:51:21 INFO  - jmeter.JMeter: Default Locale=中文 (中国) 
2018/07/30 19:51:21 INFO  - jmeter.JMeter: JMeter  Locale=中文 (中国) 
2018/07/30 19:51:21 INFO  - jmeter.JMeter: JMeterHome=E:\apiTest\target\jmeter 
2018/07/30 19:51:21 INFO  - jmeter.JMeter: user.dir  =E:\apiTest\target\jmeter\bin 
2018/07/30 19:51:21 INFO  - jmeter.JMeter: PWD       =E:\apiTest\target\jmeter\bin 
2018/07/30 19:51:21 INFO  - jmeter.JMeter: IP: 192.168.4.32 Name: MS-20180330SARF FullName: MS-20180330SARF 
2018/07/30 19:51:21 INFO  - jmeter.services.FileServer: Default base='E:\apiTest\target\jmeter\bin' 
2018/07/30 19:51:21 INFO  - jmeter.services.FileServer: Set new base='E:\apiTest\target\jmeter\testFiles\jmx' 
2018/07/30 19:51:21 INFO  - jmeter.save.SaveService: Testplan (JMX) version: 2.2. Testlog (JTL) version: 2.2 
2018/07/30 19:51:21 INFO  - jmeter.save.SaveService: Using SaveService properties file encoding UTF-8 
2018/07/30 19:51:21 INFO  - jmeter.save.SaveService: Using SaveService properties version 3.2 
2018/07/30 19:51:21 WARN  - jmeter.save.SaveService: Bad _version - expected 3.1, found 3.2. 
2018/07/30 19:51:21 INFO  - jmeter.save.SaveService: All converter versions present and correct 
2018/07/30 19:51:21 INFO  - jmeter.save.SaveService: Loading file: E:\apiTest\target\jmeter\testFiles\jmx\登录+运费到款核销.jmx 
2018/07/30 19:51:21 INFO  - jmeter.protocol.http.sampler.HTTPSamplerBase: Parser for text/html is org.apache.jmeter.protocol.http.parser.LagartoBasedHtmlParser 
2018/07/30 19:51:21 INFO  - jmeter.protocol.http.sampler.HTTPSamplerBase: Parser for application/xhtml+xml is org.apache.jmeter.protocol.http.parser.LagartoBasedHtmlParser 
2018/07/30 19:51:21 INFO  - jmeter.protocol.http.sampler.HTTPSamplerBase: Parser for application/xml is org.apache.jmeter.protocol.http.parser.LagartoBasedHtmlParser 
2018/07/30 19:51:21 INFO  - jmeter.protocol.http.sampler.HTTPSamplerBase: Parser for text/xml is org.apache.jmeter.protocol.http.parser.LagartoBasedHtmlParser 
2018/07/30 19:51:21 INFO  - jmeter.protocol.http.sampler.HTTPSamplerBase: Parser for text/vnd.wap.wml is org.apache.jmeter.protocol.http.parser.RegexpHTMLParser 
2018/07/30 19:51:21 INFO  - jmeter.protocol.http.sampler.HTTPSamplerBase: Parser for text/css is org.apache.jmeter.protocol.http.parser.CssParser 
2018/07/30 19:51:21 INFO  - jmeter.JMeter: Creating summariser <summary> 
2018/07/30 19:51:21 INFO  - jmeter.engine.StandardJMeterEngine: Running the test! 
2018/07/30 19:51:21 INFO  - jmeter.samplers.SampleEvent: List of sample_variables: [] 
2018/07/30 19:51:21 INFO  - jmeter.samplers.SampleEvent: List of sample_variables: [] 
2018/07/30 19:51:21 INFO  - jmeter.engine.util.CompoundVariable: Note: Function class names must contain the string: '.functions.' 
2018/07/30 19:51:21 INFO  - jmeter.engine.util.CompoundVariable: Note: Function class names must not contain the string: '.gui.' 
2018/07/30 19:51:21 INFO  - jmeter.JMeter: 正在运行的测试 (1532951481707) 
2018/07/30 19:51:21 INFO  - jmeter.engine.StandardJMeterEngine: Starting ThreadGroup: 1 : 运费到款核销 
2018/07/30 19:51:21 INFO  - jmeter.engine.StandardJMeterEngine: Starting 1 threads for group 运费到款核销. 
2018/07/30 19:51:21 INFO  - jmeter.engine.StandardJMeterEngine: Thread will continue on error 
2018/07/30 19:51:21 INFO  - jmeter.threads.ThreadGroup: Starting thread group number 1 threads 1 ramp-up 1 perThread 1000.0 delayedStart=false 
2018/07/30 19:51:21 INFO  - jmeter.threads.ThreadGroup: Started thread group number 1 
2018/07/30 19:51:21 INFO  - jmeter.engine.StandardJMeterEngine: All thread groups have been started 
2018/07/30 19:51:21 INFO  - jmeter.samplers.SampleResult: Note: Sample TimeStamps are START times 
2018/07/30 19:51:21 INFO  - jmeter.samplers.SampleResult: sampleresult.default.encoding is set to ISO-8859-1 
2018/07/30 19:51:21 INFO  - jmeter.samplers.SampleResult: sampleresult.useNanoTime=true 
2018/07/30 19:51:21 INFO  - jmeter.samplers.SampleResult: sampleresult.nanoThreadSleep=5000 
2018/07/30 19:51:21 INFO  - jmeter.threads.JMeterThread: Thread started: 运费到款核销 1-1 
2018/07/30 19:51:21 INFO  - jmeter.protocol.http.sampler.HTTPHCAbstractImpl: Local host = MS-20180330SARF 
2018/07/30 19:51:21 INFO  - jmeter.protocol.http.sampler.HTTPHC4Impl: HTTP request retry count = 0 
2018/07/30 19:51:21 INFO  - jmeter.util.BeanShellTestElement: 获取到token:siuigpgyikivjkocbvtkwyykqnfzcgldeybfsjwhvzzxytzkobiephovquacclji 
2018/07/30 19:51:22 INFO  - jmeter.util.BeanShellTestElement: 运费到款核销查询获取status：200 
2018/07/30 19:51:22 INFO  - jmeter.util.BeanShellTestElement: 运费到款核销查询获取total：18 
2018/07/30 19:51:22 INFO  - jmeter.util.BeanShellTestElement: 运费到款核销查询获取第一条数据的核销id号：15373 
2018/07/30 19:51:22 INFO  - jmeter.util.BeanShellTestElement: 运费到款核销查询获取第一条数据的到款状态status：未到款 
2018/07/30 19:51:22 INFO  - jmeter.util.BeanShellTestElement: 运费到款核销查询有数据，且查询正确！查询到的数据条数为：18 
2018/07/30 19:51:22 INFO  - jmeter.util.BeanShellTestElement: 运费到款核销详情查询status：200 
2018/07/30 19:51:22 INFO  - jmeter.util.BeanShellTestElement: 运费到款核销详情查询total：1 
2018/07/30 19:51:22 INFO  - jmeter.util.BeanShellTestElement: 运费到款核销详情中查询运单number：3518052200409 
2018/07/30 19:51:22 INFO  - jmeter.util.BeanShellTestElement: 运费到款核销详情查询的缴款编号-numberId：15373 
2018/07/30 19:51:22 INFO  - jmeter.util.BeanShellTestElement: 运费到款核销详情查询的缴款编号是：15373,缴款编号中查询运单号number：3518052200409查询上缴打款，成功！ 
2018/07/30 19:51:22 INFO  - jmeter.util.BeanShellTestElement: 运费到款核销status：200 
2018/07/30 19:51:22 INFO  - jmeter.util.BeanShellTestElement: 运费到款核销的缴款编号：15373 
2018/07/30 19:51:22 INFO  - jmeter.util.BeanShellTestElement: 运费到款核销的核销编号：HX18052218152220 
2018/07/30 19:51:22 INFO  - jmeter.util.BeanShellTestElement: 运费到款核销提交-核销编号是：HX18052218152220 成功！ 
2018/07/30 19:51:22 INFO  - jmeter.util.BeanShellTestElement: 运费到款核销确认后的status：200 
2018/07/30 19:51:22 INFO  - jmeter.util.BeanShellTestElement: 运费到款核销确认提交后：true 
2018/07/30 19:51:22 INFO  - jmeter.util.BeanShellTestElement: 运费到款核销提交-确认成功！ 
2018/07/30 19:51:22 INFO  - jmeter.threads.JMeterThread: Thread is done: 运费到款核销 1-1 
2018/07/30 19:51:22 INFO  - jmeter.threads.JMeterThread: Thread finished: 运费到款核销 1-1 
2018/07/30 19:51:22 INFO  - jmeter.engine.StandardJMeterEngine: Notifying test listeners of end of test 
2018/07/30 19:51:22 INFO  - jmeter.reporters.Summariser: summary =      8 in 00:00:01 =   13.7/s Avg:    36 Min:     0 Max:    83 Err:     0 (0.00%) 
